<?xml version="1.0" encoding="UTF-8"?>
<!-- Generated by org.testng.reporters.JUnitReportReporter -->
<testsuite hostname="Kanimozhi" failures="0" tests="1" name="com.Runnerclass2.Flipkart" time="11.668" errors="0" timestamp="05 Oct 2023 05:58:00 GMT" skipped="0">
  <testcase classname="com.Runnerclass2.Flipkart" name="Flipkart" time="11.668"/>
</testsuite> <!-- com.Runnerclass2.Flipkart -->
