<?xml version="1.0" encoding="UTF-8"?>
<!-- Generated by org.testng.reporters.JUnitReportReporter -->
<testsuite hostname="Kanimozhi" failures="1" tests="2" name="com.Runnerclass2.Amazon_Flipkart" time="0.127" errors="0" timestamp="05 Oct 2023 05:58:00 GMT" skipped="1">
  <testcase classname="com.Runnerclass2.Amazon_Flipkart" name="AmazonPage" time="0.000">
    <skipped/>
  </testcase> <!-- AmazonPage -->
  <testcase classname="com.Runnerclass2.Amazon_Flipkart" name="beforeClass" time="0.127">
    <failure message="expected:&lt;https://www.flipkart.com/search&gt; but was:&lt;https://www.amazon.in/&gt;" type="java.lang.AssertionError">
      <![CDATA[java.lang.AssertionError: expected:<https://www.flipkart.com/search> but was:<https://www.amazon.in/>
	at org.testng.AssertJUnit.assertEquals(AssertJUnit.java:101)
	at org.testng.AssertJUnit.assertEquals(AssertJUnit.java:108)
	at com.Runnerclass2.Amazon_Flipkart.beforeClass(Amazon_Flipkart.java:42)
	at java.base/jdk.internal.reflect.NativeMethodAccessorImpl.invoke0(Native Method)
	at java.base/jdk.internal.reflect.NativeMethodAccessorImpl.invoke(NativeMethodAccessorImpl.java:77)
	at java.base/jdk.internal.reflect.DelegatingMethodAccessorImpl.invoke(DelegatingMethodAccessorImpl.java:43)
	at java.base/java.lang.reflect.Method.invoke(Method.java:568)
	at org.testng.internal.MethodInvocationHelper.invokeMethod(MethodInvocationHelper.java:108)
	at org.testng.internal.Invoker.invokeConfigurationMethod(Invoker.java:523)
	at org.testng.internal.Invoker.invokeConfigurations(Invoker.java:224)
	at org.testng.internal.Invoker.invokeConfigurations(Invoker.java:146)
	at org.testng.internal.TestMethodWorker.invokeBeforeClassMethods(TestMethodWorker.java:166)
	at org.testng.internal.TestMethodWorker.run(TestMethodWorker.java:105)
	at java.base/java.util.concurrent.ThreadPoolExecutor.runWorker(ThreadPoolExecutor.java:1136)
	at java.base/java.util.concurrent.ThreadPoolExecutor$Worker.run(ThreadPoolExecutor.java:635)
	at java.base/java.lang.Thread.run(Thread.java:833)
]]>
    </failure>
  </testcase> <!-- beforeClass -->
</testsuite> <!-- com.Runnerclass2.Amazon_Flipkart -->
