<?xml version="1.0" encoding="UTF-8"?>
<!-- Generated by org.testng.reporters.JUnitReportReporter -->
<testsuite hostname="Kanimozhi" failures="0" tests="6" name="com.Runnerclass.Runnerclass" time="6.832" errors="0" timestamp="04 Oct 2023 08:19:47 GMT" skipped="3">
  <testcase classname="com.Runnerclass.Runnerclass" name="validateTheHomePage" time="4.885"/>
  <testcase classname="com.Runnerclass.Runnerclass" name="signup" time="0.980"/>
  <testcase classname="com.Runnerclass.Runnerclass" name="proceed" time="0.967"/>
  <testcase classname="com.Runnerclass.Runnerclass" name="password">
    <skipped/>
  </testcase> <!-- password -->
  <testcase classname="com.Runnerclass.Runnerclass" name="termsAndCondition">
    <skipped/>
  </testcase> <!-- termsAndCondition -->
  <testcase classname="com.Runnerclass.Runnerclass" name="register">
    <skipped/>
  </testcase> <!-- register -->
</testsuite> <!-- com.Runnerclass.Runnerclass -->
